<?xml version="1.0" encoding="UTF-8"?>
<testng-results ignored="0" total="1" passed="1" failed="0" skipped="0">
  <reporter-output>
  </reporter-output>
  <suite started-at="2025-07-17T00:57:55 IST" name="Default suite" finished-at="2025-07-17T00:57:55 IST" duration-ms="172">
    <groups>
    </groups>
    <test started-at="2025-07-17T00:57:55 IST" name="Default test" finished-at="2025-07-17T00:57:55 IST" duration-ms="172">
      <class name="org.pro.tests.NinjaTutorialsMain">
        <test-method signature="testOne()[pri:0, instance:org.pro.tests.NinjaTutorialsMain@6973b51b]" started-at="2025-07-17T00:57:55 IST" name="testOne" finished-at="2025-07-17T00:57:55 IST" duration-ms="35" status="PASS">
          <reporter-output>
          </reporter-output>
        </test-method> <!-- testOne -->
      </class> <!-- org.pro.tests.NinjaTutorialsMain -->
    </test> <!-- Default test -->
  </suite> <!-- Default suite -->
</testng-results>
